mode: set
git.ardenone.com/jedarden/zai-proxy/proxy/testutil/categorization.go:222.73,223.30 1 0
git.ardenone.com/jedarden/zai-proxy/proxy/testutil/categorization.go:223.30,225.3 1 0
git.ardenone.com/jedarden/zai-proxy/proxy/testutil/categorization.go:228.2,240.40 4 0
git.ardenone.com/jedarden/zai-proxy/proxy/testutil/categorization.go:240.40,243.20 3 0
git.ardenone.com/jedarden/zai-proxy/proxy/testutil/categorization.go:243.20,245.4 1 0
git.ardenone.com/jedarden/zai-proxy/proxy/testutil/categorization.go:246.3,246.42 1 0
git.ardenone.com/jedarden/zai-proxy/proxy/testutil/categorization.go:251.2,257.33 3 0
git.ardenone.com/jedarden/zai-proxy/proxy/testutil/categorization.go:257.33,259.3 1 0
git.ardenone.com/jedarden/zai-proxy/proxy/testutil/categorization.go:262.2,262.29 1 0
git.ardenone.com/jedarden/zai-proxy/proxy/testutil/categorization.go:262.29,264.3 1 0
git.ardenone.com/jedarden/zai-proxy/proxy/testutil/categorization.go:267.2,267.34 1 0
git.ardenone.com/jedarden/zai-proxy/proxy/testutil/categorization.go:341.46,342.17 1 1
git.ardenone.com/jedarden/zai-proxy/proxy/testutil/categorization.go:342.17,344.3 1 1
git.ardenone.com/jedarden/zai-proxy/proxy/testutil/categorization.go:345.2,345.17 1 1
git.ardenone.com/jedarden/zai-proxy/proxy/testutil/categorization.go:345.17,347.3 1 1
git.ardenone.com/jedarden/zai-proxy/proxy/testutil/categorization.go:348.2,348.26 1 1
git.ardenone.com/jedarden/zai-proxy/proxy/testutil/categorization.go:352.39,354.2 1 1
git.ardenone.com/jedarden/zai-proxy/proxy/testutil/categorization.go:373.38,375.2 1 1
git.ardenone.com/jedarden/zai-proxy/proxy/testutil/categorization.go:394.40,396.2 1 1
git.ardenone.com/jedarden/zai-proxy/proxy/testutil/categorization.go:399.46,401.2 1 1
git.ardenone.com/jedarden/zai-proxy/proxy/testutil/categorization.go:404.36,405.9 1 1
git.ardenone.com/jedarden/zai-proxy/proxy/testutil/categorization.go:406.31,407.21 1 1
git.ardenone.com/jedarden/zai-proxy/proxy/testutil/categorization.go:408.27,409.16 1 1
git.ardenone.com/jedarden/zai-proxy/proxy/testutil/categorization.go:410.31,411.20 1 1
git.ardenone.com/jedarden/zai-proxy/proxy/testutil/categorization.go:412.26,413.15 1 1
git.ardenone.com/jedarden/zai-proxy/proxy/testutil/categorization.go:414.10,415.20 1 1
git.ardenone.com/jedarden/zai-proxy/proxy/testutil/categorization.go:676.64,679.30 2 0
git.ardenone.com/jedarden/zai-proxy/proxy/testutil/categorization.go:679.30,681.3 1 0
git.ardenone.com/jedarden/zai-proxy/proxy/testutil/categorization.go:684.2,689.35 4 0
git.ardenone.com/jedarden/zai-proxy/proxy/testutil/categorization.go:689.35,690.41 1 0
git.ardenone.com/jedarden/zai-proxy/proxy/testutil/categorization.go:690.41,692.4 1 0
git.ardenone.com/jedarden/zai-proxy/proxy/testutil/categorization.go:696.2,696.29 1 0
git.ardenone.com/jedarden/zai-proxy/proxy/testutil/categorization.go:696.29,704.3 1 0
git.ardenone.com/jedarden/zai-proxy/proxy/testutil/categorization.go:707.2,715.28 4 0
git.ardenone.com/jedarden/zai-proxy/proxy/testutil/categorization.go:715.28,717.45 2 0
git.ardenone.com/jedarden/zai-proxy/proxy/testutil/categorization.go:717.45,721.85 2 0
git.ardenone.com/jedarden/zai-proxy/proxy/testutil/categorization.go:721.85,723.25 2 0
git.ardenone.com/jedarden/zai-proxy/proxy/testutil/categorization.go:723.25,725.6 1 0
git.ardenone.com/jedarden/zai-proxy/proxy/testutil/categorization.go:726.5,727.85 1 0
git.ardenone.com/jedarden/zai-proxy/proxy/testutil/categorization.go:728.10,731.25 2 0
git.ardenone.com/jedarden/zai-proxy/proxy/testutil/categorization.go:731.25,733.6 1 0
git.ardenone.com/jedarden/zai-proxy/proxy/testutil/categorization.go:734.5,735.41 1 0
git.ardenone.com/jedarden/zai-proxy/proxy/testutil/categorization.go:740.3,740.99 1 0
git.ardenone.com/jedarden/zai-proxy/proxy/testutil/categorization.go:744.2,756.3 3 0
git.ardenone.com/jedarden/zai-proxy/proxy/testutil/categorization.go:761.106,766.86 3 0
git.ardenone.com/jedarden/zai-proxy/proxy/testutil/categorization.go:766.86,768.23 2 0
git.ardenone.com/jedarden/zai-proxy/proxy/testutil/categorization.go:768.23,770.4 1 0
git.ardenone.com/jedarden/zai-proxy/proxy/testutil/categorization.go:774.2,774.97 1 0
git.ardenone.com/jedarden/zai-proxy/proxy/testutil/categorization.go:774.97,778.23 2 0
git.ardenone.com/jedarden/zai-proxy/proxy/testutil/categorization.go:778.23,780.4 1 0
git.ardenone.com/jedarden/zai-proxy/proxy/testutil/categorization.go:784.2,784.90 1 0
git.ardenone.com/jedarden/zai-proxy/proxy/testutil/categorization.go:784.90,787.3 1 0
git.ardenone.com/jedarden/zai-proxy/proxy/testutil/categorization.go:790.2,791.49 2 0
git.ardenone.com/jedarden/zai-proxy/proxy/testutil/categorization.go:791.49,794.23 2 0
git.ardenone.com/jedarden/zai-proxy/proxy/testutil/categorization.go:794.23,796.4 1 0
git.ardenone.com/jedarden/zai-proxy/proxy/testutil/categorization.go:800.2,802.33 1 0
git.ardenone.com/jedarden/zai-proxy/proxy/testutil/categorization.go:802.33,805.23 2 0
git.ardenone.com/jedarden/zai-proxy/proxy/testutil/categorization.go:805.23,807.4 1 0
git.ardenone.com/jedarden/zai-proxy/proxy/testutil/categorization.go:811.2,811.91 1 0
git.ardenone.com/jedarden/zai-proxy/proxy/testutil/categorization.go:811.91,814.23 2 0
git.ardenone.com/jedarden/zai-proxy/proxy/testutil/categorization.go:814.23,816.4 1 0
git.ardenone.com/jedarden/zai-proxy/proxy/testutil/categorization.go:820.2,820.84 1 0
git.ardenone.com/jedarden/zai-proxy/proxy/testutil/categorization.go:820.84,823.3 1 0
git.ardenone.com/jedarden/zai-proxy/proxy/testutil/categorization.go:826.2,827.82 1 0
git.ardenone.com/jedarden/zai-proxy/proxy/testutil/categorization.go:827.82,830.23 2 0
git.ardenone.com/jedarden/zai-proxy/proxy/testutil/categorization.go:830.23,832.4 1 0
git.ardenone.com/jedarden/zai-proxy/proxy/testutil/categorization.go:836.2,836.77 1 0
git.ardenone.com/jedarden/zai-proxy/proxy/testutil/categorization.go:836.77,839.3 1 0
git.ardenone.com/jedarden/zai-proxy/proxy/testutil/categorization.go:842.2,842.88 1 0
git.ardenone.com/jedarden/zai-proxy/proxy/testutil/categorization.go:842.88,845.3 1 0
git.ardenone.com/jedarden/zai-proxy/proxy/testutil/categorization.go:848.2,848.85 1 0
git.ardenone.com/jedarden/zai-proxy/proxy/testutil/categorization.go:848.85,851.23 2 0
git.ardenone.com/jedarden/zai-proxy/proxy/testutil/categorization.go:851.23,853.4 1 0
git.ardenone.com/jedarden/zai-proxy/proxy/testutil/categorization.go:857.2,857.76 1 0
git.ardenone.com/jedarden/zai-proxy/proxy/testutil/categorization.go:857.76,860.3 1 0
git.ardenone.com/jedarden/zai-proxy/proxy/testutil/categorization.go:863.2,863.79 1 0
git.ardenone.com/jedarden/zai-proxy/proxy/testutil/categorization.go:863.79,866.23 2 0
git.ardenone.com/jedarden/zai-proxy/proxy/testutil/categorization.go:866.23,868.4 1 0
git.ardenone.com/jedarden/zai-proxy/proxy/testutil/categorization.go:872.2,873.86 1 0
git.ardenone.com/jedarden/zai-proxy/proxy/testutil/categorization.go:873.86,876.23 2 0
git.ardenone.com/jedarden/zai-proxy/proxy/testutil/categorization.go:876.23,878.4 1 0
git.ardenone.com/jedarden/zai-proxy/proxy/testutil/categorization.go:882.2,882.79 1 0
git.ardenone.com/jedarden/zai-proxy/proxy/testutil/categorization.go:882.79,885.3 1 0
git.ardenone.com/jedarden/zai-proxy/proxy/testutil/categorization.go:888.2,888.55 1 0
git.ardenone.com/jedarden/zai-proxy/proxy/testutil/categorization.go:888.55,891.3 1 0
git.ardenone.com/jedarden/zai-proxy/proxy/testutil/categorization.go:894.2,894.23 1 0
git.ardenone.com/jedarden/zai-proxy/proxy/testutil/categorization.go:894.23,896.3 1 0
git.ardenone.com/jedarden/zai-proxy/proxy/testutil/categorization.go:897.2,897.22 1 0
git.ardenone.com/jedarden/zai-proxy/proxy/testutil/categorization.go:897.22,899.3 1 0
git.ardenone.com/jedarden/zai-proxy/proxy/testutil/categorization.go:901.2,901.19 1 0
git.ardenone.com/jedarden/zai-proxy/proxy/testutil/categorization.go:917.93,923.35 3 0
git.ardenone.com/jedarden/zai-proxy/proxy/testutil/categorization.go:923.35,929.28 5 0
git.ardenone.com/jedarden/zai-proxy/proxy/testutil/categorization.go:929.28,931.4 1 0
git.ardenone.com/jedarden/zai-proxy/proxy/testutil/categorization.go:934.3,934.23 1 0
git.ardenone.com/jedarden/zai-proxy/proxy/testutil/categorization.go:934.23,936.4 1 0
git.ardenone.com/jedarden/zai-proxy/proxy/testutil/categorization.go:939.2,939.27 1 0
git.ardenone.com/jedarden/zai-proxy/proxy/testutil/categorization.go:943.47,945.2 1 0
git.ardenone.com/jedarden/zai-proxy/proxy/testutil/categorization.go:948.52,950.65 1 0
git.ardenone.com/jedarden/zai-proxy/proxy/testutil/categorization.go:950.65,952.21 2 0
git.ardenone.com/jedarden/zai-proxy/proxy/testutil/categorization.go:952.21,955.18 3 0
git.ardenone.com/jedarden/zai-proxy/proxy/testutil/categorization.go:955.18,957.5 1 0
git.ardenone.com/jedarden/zai-proxy/proxy/testutil/categorization.go:960.2,960.10 1 0
git.ardenone.com/jedarden/zai-proxy/proxy/testutil/categorization.go:964.106,966.34 2 0
git.ardenone.com/jedarden/zai-proxy/proxy/testutil/categorization.go:966.34,967.44 1 0
git.ardenone.com/jedarden/zai-proxy/proxy/testutil/categorization.go:967.44,969.4 1 0
git.ardenone.com/jedarden/zai-proxy/proxy/testutil/categorization.go:971.2,971.17 1 0
git.ardenone.com/jedarden/zai-proxy/proxy/testutil/categorization.go:975.82,977.34 2 0
git.ardenone.com/jedarden/zai-proxy/proxy/testutil/categorization.go:977.34,978.23 1 0
git.ardenone.com/jedarden/zai-proxy/proxy/testutil/categorization.go:978.23,980.4 1 0
git.ardenone.com/jedarden/zai-proxy/proxy/testutil/categorization.go:982.2,982.18 1 0
git.ardenone.com/jedarden/zai-proxy/proxy/testutil/categorization.go:987.104,989.24 2 0
git.ardenone.com/jedarden/zai-proxy/proxy/testutil/categorization.go:989.24,991.3 1 0
git.ardenone.com/jedarden/zai-proxy/proxy/testutil/categorization.go:993.2,994.34 2 0
git.ardenone.com/jedarden/zai-proxy/proxy/testutil/categorization.go:994.34,995.42 1 0
git.ardenone.com/jedarden/zai-proxy/proxy/testutil/categorization.go:995.42,997.4 1 0
git.ardenone.com/jedarden/zai-proxy/proxy/testutil/categorization.go:999.2,999.18 1 0
git.ardenone.com/jedarden/zai-proxy/proxy/testutil/categorization.go:1004.77,1006.30 2 0
git.ardenone.com/jedarden/zai-proxy/proxy/testutil/categorization.go:1006.30,1008.3 1 0
git.ardenone.com/jedarden/zai-proxy/proxy/testutil/categorization.go:1010.2,1011.43 2 0
git.ardenone.com/jedarden/zai-proxy/proxy/testutil/categorization.go:1011.43,1012.41 1 0
git.ardenone.com/jedarden/zai-proxy/proxy/testutil/categorization.go:1012.41,1014.4 1 0
git.ardenone.com/jedarden/zai-proxy/proxy/testutil/categorization.go:1017.2,1017.16 1 0
git.ardenone.com/jedarden/zai-proxy/proxy/testutil/categorization.go:1021.52,1022.9 1 0
git.ardenone.com/jedarden/zai-proxy/proxy/testutil/categorization.go:1023.26,1024.21 1 0
git.ardenone.com/jedarden/zai-proxy/proxy/testutil/categorization.go:1025.25,1026.16 1 0
git.ardenone.com/jedarden/zai-proxy/proxy/testutil/categorization.go:1027.25,1028.20 1 0
git.ardenone.com/jedarden/zai-proxy/proxy/testutil/categorization.go:1029.25,1030.15 1 0
git.ardenone.com/jedarden/zai-proxy/proxy/testutil/categorization.go:1031.25,1032.20 1 0
git.ardenone.com/jedarden/zai-proxy/proxy/testutil/categorization.go:1033.10,1034.21 1 0
git.ardenone.com/jedarden/zai-proxy/proxy/testutil/categorization.go:1041.75,1043.24 2 0
git.ardenone.com/jedarden/zai-proxy/proxy/testutil/categorization.go:1043.24,1045.3 1 0
git.ardenone.com/jedarden/zai-proxy/proxy/testutil/categorization.go:1046.2,1046.79 1 0
git.ardenone.com/jedarden/zai-proxy/proxy/testutil/categorization.go:1051.61,1052.27 1 0
git.ardenone.com/jedarden/zai-proxy/proxy/testutil/categorization.go:1052.27,1054.3 1 0
git.ardenone.com/jedarden/zai-proxy/proxy/testutil/categorization.go:1057.2,1061.22 3 0
git.ardenone.com/jedarden/zai-proxy/proxy/testutil/categorization.go:1062.25,1063.88 1 0
git.ardenone.com/jedarden/zai-proxy/proxy/testutil/categorization.go:1063.88,1065.4 1 0
git.ardenone.com/jedarden/zai-proxy/proxy/testutil/categorization.go:1066.3,1066.85 1 0
git.ardenone.com/jedarden/zai-proxy/proxy/testutil/categorization.go:1066.85,1068.4 1 0
git.ardenone.com/jedarden/zai-proxy/proxy/testutil/categorization.go:1069.3,1069.125 1 0
git.ardenone.com/jedarden/zai-proxy/proxy/testutil/categorization.go:1069.125,1071.4 1 0
git.ardenone.com/jedarden/zai-proxy/proxy/testutil/categorization.go:1072.3,1072.19 1 0
git.ardenone.com/jedarden/zai-proxy/proxy/testutil/categorization.go:1074.23,1075.48 1 0
git.ardenone.com/jedarden/zai-proxy/proxy/testutil/categorization.go:1075.48,1077.4 1 0
git.ardenone.com/jedarden/zai-proxy/proxy/testutil/categorization.go:1078.3,1078.94 1 0
git.ardenone.com/jedarden/zai-proxy/proxy/testutil/categorization.go:1078.94,1080.4 1 0
git.ardenone.com/jedarden/zai-proxy/proxy/testutil/categorization.go:1081.3,1081.94 1 0
git.ardenone.com/jedarden/zai-proxy/proxy/testutil/categorization.go:1081.94,1083.4 1 0
git.ardenone.com/jedarden/zai-proxy/proxy/testutil/categorization.go:1084.3,1084.22 1 0
git.ardenone.com/jedarden/zai-proxy/proxy/testutil/categorization.go:1086.21,1087.49 1 0
git.ardenone.com/jedarden/zai-proxy/proxy/testutil/categorization.go:1087.49,1089.4 1 0
git.ardenone.com/jedarden/zai-proxy/proxy/testutil/categorization.go:1090.3,1090.124 1 0
git.ardenone.com/jedarden/zai-proxy/proxy/testutil/categorization.go:1090.124,1092.4 1 0
git.ardenone.com/jedarden/zai-proxy/proxy/testutil/categorization.go:1093.3,1093.92 1 0
git.ardenone.com/jedarden/zai-proxy/proxy/testutil/categorization.go:1093.92,1095.4 1 0
git.ardenone.com/jedarden/zai-proxy/proxy/testutil/categorization.go:1096.3,1096.19 1 0
git.ardenone.com/jedarden/zai-proxy/proxy/testutil/categorization.go:1098.23,1099.45 1 0
git.ardenone.com/jedarden/zai-proxy/proxy/testutil/categorization.go:1099.45,1101.4 1 0
git.ardenone.com/jedarden/zai-proxy/proxy/testutil/categorization.go:1102.3,1102.42 1 0
git.ardenone.com/jedarden/zai-proxy/proxy/testutil/categorization.go:1102.42,1104.4 1 0
git.ardenone.com/jedarden/zai-proxy/proxy/testutil/categorization.go:1105.3,1105.21 1 0
git.ardenone.com/jedarden/zai-proxy/proxy/testutil/categorization.go:1107.10,1108.12 1 0
git.ardenone.com/jedarden/zai-proxy/proxy/testutil/categorization.go:1114.66,1116.23 1 0
git.ardenone.com/jedarden/zai-proxy/proxy/testutil/categorization.go:1116.23,1118.3 1 0
git.ardenone.com/jedarden/zai-proxy/proxy/testutil/categorization.go:1121.2,1125.80 3 0
git.ardenone.com/jedarden/zai-proxy/proxy/testutil/categorization.go:1125.80,1131.3 4 0
git.ardenone.com/jedarden/zai-proxy/proxy/testutil/categorization.go:1134.2,1135.93 1 0
git.ardenone.com/jedarden/zai-proxy/proxy/testutil/categorization.go:1135.93,1140.3 3 0
git.ardenone.com/jedarden/zai-proxy/proxy/testutil/categorization.go:1143.2,1144.93 1 0
git.ardenone.com/jedarden/zai-proxy/proxy/testutil/categorization.go:1144.93,1147.3 2 0
git.ardenone.com/jedarden/zai-proxy/proxy/testutil/categorization.go:1149.2,1149.12 1 0
git.ardenone.com/jedarden/zai-proxy/proxy/testutil/categorization.go:1161.57,1179.39 2 0
git.ardenone.com/jedarden/zai-proxy/proxy/testutil/categorization.go:1179.39,1181.3 1 0
git.ardenone.com/jedarden/zai-proxy/proxy/testutil/categorization.go:1182.2,1182.35 1 0
git.ardenone.com/jedarden/zai-proxy/proxy/testutil/categorization.go:1186.100,1209.4 5 0
git.ardenone.com/jedarden/zai-proxy/proxy/testutil/categorization.go:1209.4,1211.16 2 0
git.ardenone.com/jedarden/zai-proxy/proxy/testutil/categorization.go:1211.16,1213.4 1 0
git.ardenone.com/jedarden/zai-proxy/proxy/testutil/categorization.go:1216.2,1220.34 3 0
git.ardenone.com/jedarden/zai-proxy/proxy/testutil/categorization.go:1220.34,1225.26 4 0
git.ardenone.com/jedarden/zai-proxy/proxy/testutil/categorization.go:1225.26,1227.4 1 0
git.ardenone.com/jedarden/zai-proxy/proxy/testutil/categorization.go:1228.3,1228.23 1 0
git.ardenone.com/jedarden/zai-proxy/proxy/testutil/categorization.go:1231.2,1231.20 1 0
git.ardenone.com/jedarden/zai-proxy/proxy/testutil/testfailure.go:59.62,61.22 1 0
git.ardenone.com/jedarden/zai-proxy/proxy/testutil/testfailure.go:61.22,63.3 1 0
git.ardenone.com/jedarden/zai-proxy/proxy/testutil/testfailure.go:65.2,91.21 16 0
git.ardenone.com/jedarden/zai-proxy/proxy/testutil/testfailure.go:91.21,96.17 3 0
git.ardenone.com/jedarden/zai-proxy/proxy/testutil/testfailure.go:96.17,97.12 1 0
git.ardenone.com/jedarden/zai-proxy/proxy/testutil/testfailure.go:101.3,101.73 1 0
git.ardenone.com/jedarden/zai-proxy/proxy/testutil/testfailure.go:101.73,103.12 2 0
git.ardenone.com/jedarden/zai-proxy/proxy/testutil/testfailure.go:107.3,107.74 1 0
git.ardenone.com/jedarden/zai-proxy/proxy/testutil/testfailure.go:107.74,109.37 1 0
git.ardenone.com/jedarden/zai-proxy/proxy/testutil/testfailure.go:109.37,115.5 5 0
git.ardenone.com/jedarden/zai-proxy/proxy/testutil/testfailure.go:116.4,116.12 1 0
git.ardenone.com/jedarden/zai-proxy/proxy/testutil/testfailure.go:120.3,120.42 1 0
git.ardenone.com/jedarden/zai-proxy/proxy/testutil/testfailure.go:120.42,124.12 4 0
git.ardenone.com/jedarden/zai-proxy/proxy/testutil/testfailure.go:129.3,129.19 1 0
git.ardenone.com/jedarden/zai-proxy/proxy/testutil/testfailure.go:129.19,131.81 1 0
git.ardenone.com/jedarden/zai-proxy/proxy/testutil/testfailure.go:131.81,134.5 1 0
git.ardenone.com/jedarden/zai-proxy/proxy/testutil/testfailure.go:134.10,134.25 1 0
git.ardenone.com/jedarden/zai-proxy/proxy/testutil/testfailure.go:134.25,137.13 2 0
git.ardenone.com/jedarden/zai-proxy/proxy/testutil/testfailure.go:138.10,142.13 3 0
git.ardenone.com/jedarden/zai-proxy/proxy/testutil/testfailure.go:148.3,148.74 1 0
git.ardenone.com/jedarden/zai-proxy/proxy/testutil/testfailure.go:148.74,152.12 4 0
git.ardenone.com/jedarden/zai-proxy/proxy/testutil/testfailure.go:156.3,157.94 2 0
git.ardenone.com/jedarden/zai-proxy/proxy/testutil/testfailure.go:157.94,161.12 4 0
git.ardenone.com/jedarden/zai-proxy/proxy/testutil/testfailure.go:165.3,165.74 1 0
git.ardenone.com/jedarden/zai-proxy/proxy/testutil/testfailure.go:165.74,169.29 2 0
git.ardenone.com/jedarden/zai-proxy/proxy/testutil/testfailure.go:169.29,172.5 2 0
git.ardenone.com/jedarden/zai-proxy/proxy/testutil/testfailure.go:175.4,180.25 2 0
git.ardenone.com/jedarden/zai-proxy/proxy/testutil/testfailure.go:180.25,184.62 2 0
git.ardenone.com/jedarden/zai-proxy/proxy/testutil/testfailure.go:184.62,186.6 1 0
git.ardenone.com/jedarden/zai-proxy/proxy/testutil/testfailure.go:186.11,189.6 1 0
git.ardenone.com/jedarden/zai-proxy/proxy/testutil/testfailure.go:191.5,191.49 1 0
git.ardenone.com/jedarden/zai-proxy/proxy/testutil/testfailure.go:192.10,195.5 1 0
git.ardenone.com/jedarden/zai-proxy/proxy/testutil/testfailure.go:198.4,198.35 1 0
git.ardenone.com/jedarden/zai-proxy/proxy/testutil/testfailure.go:198.35,200.5 1 0
git.ardenone.com/jedarden/zai-proxy/proxy/testutil/testfailure.go:203.4,209.12 7 0
git.ardenone.com/jedarden/zai-proxy/proxy/testutil/testfailure.go:214.2,214.27 1 0
git.ardenone.com/jedarden/zai-proxy/proxy/testutil/testfailure.go:214.27,216.3 1 0
git.ardenone.com/jedarden/zai-proxy/proxy/testutil/testfailure.go:219.2,219.38 1 0
git.ardenone.com/jedarden/zai-proxy/proxy/testutil/testfailure.go:219.38,223.3 2 0
git.ardenone.com/jedarden/zai-proxy/proxy/testutil/testfailure.go:226.2,226.21 1 0
git.ardenone.com/jedarden/zai-proxy/proxy/testutil/testfailure.go:226.21,228.3 1 0
git.ardenone.com/jedarden/zai-proxy/proxy/testutil/testfailure.go:230.2,230.22 1 0
git.ardenone.com/jedarden/zai-proxy/proxy/testutil/testfailure.go:250.74,252.35 1 0
git.ardenone.com/jedarden/zai-proxy/proxy/testutil/testfailure.go:252.35,253.29 1 0
git.ardenone.com/jedarden/zai-proxy/proxy/testutil/testfailure.go:253.29,255.4 1 0
git.ardenone.com/jedarden/zai-proxy/proxy/testutil/testfailure.go:256.3,256.29 1 0
git.ardenone.com/jedarden/zai-proxy/proxy/testutil/testfailure.go:256.29,258.4 1 0
git.ardenone.com/jedarden/zai-proxy/proxy/testutil/testfailure.go:259.3,259.33 1 0
git.ardenone.com/jedarden/zai-proxy/proxy/testutil/testfailure.go:259.33,261.4 1 0
git.ardenone.com/jedarden/zai-proxy/proxy/testutil/testfailure.go:265.2,266.16 2 0
git.ardenone.com/jedarden/zai-proxy/proxy/testutil/testfailure.go:266.16,268.3 1 0
git.ardenone.com/jedarden/zai-proxy/proxy/testutil/testfailure.go:271.2,271.61 1 0
git.ardenone.com/jedarden/zai-proxy/proxy/testutil/testfailure.go:271.61,273.3 1 0
git.ardenone.com/jedarden/zai-proxy/proxy/testutil/testfailure.go:275.2,275.12 1 0
git.ardenone.com/jedarden/zai-proxy/proxy/testutil/testfailure.go:286.53,287.35 1 0
git.ardenone.com/jedarden/zai-proxy/proxy/testutil/testfailure.go:287.35,288.29 1 0
git.ardenone.com/jedarden/zai-proxy/proxy/testutil/testfailure.go:288.29,290.4 1 0
git.ardenone.com/jedarden/zai-proxy/proxy/testutil/testfailure.go:291.3,291.29 1 0
git.ardenone.com/jedarden/zai-proxy/proxy/testutil/testfailure.go:291.29,293.4 1 0
git.ardenone.com/jedarden/zai-proxy/proxy/testutil/testfailure.go:294.3,294.33 1 0
git.ardenone.com/jedarden/zai-proxy/proxy/testutil/testfailure.go:294.33,296.4 1 0
git.ardenone.com/jedarden/zai-proxy/proxy/testutil/testfailure.go:298.2,298.12 1 0
git.ardenone.com/jedarden/zai-proxy/proxy/testutil/testoutput.go:32.50,35.16 2 0
git.ardenone.com/jedarden/zai-proxy/proxy/testutil/testoutput.go:35.16,36.25 1 0
git.ardenone.com/jedarden/zai-proxy/proxy/testutil/testoutput.go:36.25,38.4 1 0
git.ardenone.com/jedarden/zai-proxy/proxy/testutil/testoutput.go:40.3,40.27 1 0
git.ardenone.com/jedarden/zai-proxy/proxy/testutil/testoutput.go:40.27,42.4 1 0
git.ardenone.com/jedarden/zai-proxy/proxy/testutil/testoutput.go:43.3,43.68 1 0
git.ardenone.com/jedarden/zai-proxy/proxy/testutil/testoutput.go:47.2,47.22 1 0
git.ardenone.com/jedarden/zai-proxy/proxy/testutil/testoutput.go:47.22,49.3 1 0
git.ardenone.com/jedarden/zai-proxy/proxy/testutil/testoutput.go:52.2,53.16 2 0
git.ardenone.com/jedarden/zai-proxy/proxy/testutil/testoutput.go:53.16,54.27 1 0
git.ardenone.com/jedarden/zai-proxy/proxy/testutil/testoutput.go:54.27,56.4 1 0
git.ardenone.com/jedarden/zai-proxy/proxy/testutil/testoutput.go:57.3,57.66 1 0
git.ardenone.com/jedarden/zai-proxy/proxy/testutil/testoutput.go:60.2,60.18 1 0
