mode: set
git.ardenone.com/jedarden/zai-proxy/proxy/testutil/categorization.go:223.73,224.30 1 1
git.ardenone.com/jedarden/zai-proxy/proxy/testutil/categorization.go:224.30,226.3 1 1
git.ardenone.com/jedarden/zai-proxy/proxy/testutil/categorization.go:229.2,241.40 4 1
git.ardenone.com/jedarden/zai-proxy/proxy/testutil/categorization.go:241.40,244.20 3 1
git.ardenone.com/jedarden/zai-proxy/proxy/testutil/categorization.go:244.20,246.4 1 1
git.ardenone.com/jedarden/zai-proxy/proxy/testutil/categorization.go:247.3,247.42 1 1
git.ardenone.com/jedarden/zai-proxy/proxy/testutil/categorization.go:252.2,258.33 3 1
git.ardenone.com/jedarden/zai-proxy/proxy/testutil/categorization.go:258.33,260.3 1 1
git.ardenone.com/jedarden/zai-proxy/proxy/testutil/categorization.go:263.2,263.29 1 1
git.ardenone.com/jedarden/zai-proxy/proxy/testutil/categorization.go:263.29,265.3 1 1
git.ardenone.com/jedarden/zai-proxy/proxy/testutil/categorization.go:268.2,268.34 1 1
git.ardenone.com/jedarden/zai-proxy/proxy/testutil/categorization.go:347.46,348.17 1 1
git.ardenone.com/jedarden/zai-proxy/proxy/testutil/categorization.go:348.17,350.3 1 1
git.ardenone.com/jedarden/zai-proxy/proxy/testutil/categorization.go:351.2,351.17 1 1
git.ardenone.com/jedarden/zai-proxy/proxy/testutil/categorization.go:351.17,353.3 1 1
git.ardenone.com/jedarden/zai-proxy/proxy/testutil/categorization.go:354.2,354.26 1 1
git.ardenone.com/jedarden/zai-proxy/proxy/testutil/categorization.go:358.39,360.2 1 1
git.ardenone.com/jedarden/zai-proxy/proxy/testutil/categorization.go:379.38,381.2 1 1
git.ardenone.com/jedarden/zai-proxy/proxy/testutil/categorization.go:400.40,402.2 1 1
git.ardenone.com/jedarden/zai-proxy/proxy/testutil/categorization.go:405.46,407.2 1 1
git.ardenone.com/jedarden/zai-proxy/proxy/testutil/categorization.go:410.36,411.9 1 1
git.ardenone.com/jedarden/zai-proxy/proxy/testutil/categorization.go:412.31,413.21 1 1
git.ardenone.com/jedarden/zai-proxy/proxy/testutil/categorization.go:414.27,415.16 1 1
git.ardenone.com/jedarden/zai-proxy/proxy/testutil/categorization.go:416.31,417.20 1 1
git.ardenone.com/jedarden/zai-proxy/proxy/testutil/categorization.go:418.26,419.15 1 1
git.ardenone.com/jedarden/zai-proxy/proxy/testutil/categorization.go:420.10,421.20 1 1
git.ardenone.com/jedarden/zai-proxy/proxy/testutil/categorization.go:701.50,704.30 2 1
git.ardenone.com/jedarden/zai-proxy/proxy/testutil/categorization.go:704.30,706.3 1 1
git.ardenone.com/jedarden/zai-proxy/proxy/testutil/categorization.go:710.2,715.29 3 1
git.ardenone.com/jedarden/zai-proxy/proxy/testutil/categorization.go:715.29,717.25 2 1
git.ardenone.com/jedarden/zai-proxy/proxy/testutil/categorization.go:717.25,719.4 1 1
git.ardenone.com/jedarden/zai-proxy/proxy/testutil/categorization.go:720.3,727.4 1 1
git.ardenone.com/jedarden/zai-proxy/proxy/testutil/categorization.go:734.2,742.28 4 1
git.ardenone.com/jedarden/zai-proxy/proxy/testutil/categorization.go:742.28,743.41 1 1
git.ardenone.com/jedarden/zai-proxy/proxy/testutil/categorization.go:743.41,744.48 1 1
git.ardenone.com/jedarden/zai-proxy/proxy/testutil/categorization.go:744.48,745.13 1 1
git.ardenone.com/jedarden/zai-proxy/proxy/testutil/categorization.go:749.4,749.85 1 1
git.ardenone.com/jedarden/zai-proxy/proxy/testutil/categorization.go:749.85,751.25 2 1
git.ardenone.com/jedarden/zai-proxy/proxy/testutil/categorization.go:751.25,753.6 1 1
git.ardenone.com/jedarden/zai-proxy/proxy/testutil/categorization.go:754.5,755.85 1 1
git.ardenone.com/jedarden/zai-proxy/proxy/testutil/categorization.go:756.10,759.25 2 1
git.ardenone.com/jedarden/zai-proxy/proxy/testutil/categorization.go:759.25,761.6 1 1
git.ardenone.com/jedarden/zai-proxy/proxy/testutil/categorization.go:762.5,763.41 1 1
git.ardenone.com/jedarden/zai-proxy/proxy/testutil/categorization.go:768.3,768.99 1 1
git.ardenone.com/jedarden/zai-proxy/proxy/testutil/categorization.go:772.2,780.57 4 1
git.ardenone.com/jedarden/zai-proxy/proxy/testutil/categorization.go:780.57,782.3 1 1
git.ardenone.com/jedarden/zai-proxy/proxy/testutil/categorization.go:784.2,792.3 1 1
git.ardenone.com/jedarden/zai-proxy/proxy/testutil/categorization.go:795.100,797.29 2 1
git.ardenone.com/jedarden/zai-proxy/proxy/testutil/categorization.go:797.29,798.41 1 1
git.ardenone.com/jedarden/zai-proxy/proxy/testutil/categorization.go:798.41,800.4 1 1
git.ardenone.com/jedarden/zai-proxy/proxy/testutil/categorization.go:805.2,806.90 2 1
git.ardenone.com/jedarden/zai-proxy/proxy/testutil/categorization.go:806.90,808.3 1 1
git.ardenone.com/jedarden/zai-proxy/proxy/testutil/categorization.go:810.2,810.22 1 1
git.ardenone.com/jedarden/zai-proxy/proxy/testutil/categorization.go:813.96,815.29 2 1
git.ardenone.com/jedarden/zai-proxy/proxy/testutil/categorization.go:815.29,816.32 1 1
git.ardenone.com/jedarden/zai-proxy/proxy/testutil/categorization.go:816.32,818.4 1 1
git.ardenone.com/jedarden/zai-proxy/proxy/testutil/categorization.go:820.2,820.17 1 1
git.ardenone.com/jedarden/zai-proxy/proxy/testutil/categorization.go:823.87,825.44 2 1
git.ardenone.com/jedarden/zai-proxy/proxy/testutil/categorization.go:825.44,827.3 1 1
git.ardenone.com/jedarden/zai-proxy/proxy/testutil/categorization.go:829.2,829.37 1 1
git.ardenone.com/jedarden/zai-proxy/proxy/testutil/categorization.go:829.37,830.37 1 1
git.ardenone.com/jedarden/zai-proxy/proxy/testutil/categorization.go:830.37,832.4 1 1
git.ardenone.com/jedarden/zai-proxy/proxy/testutil/categorization.go:835.2,835.16 1 1
git.ardenone.com/jedarden/zai-proxy/proxy/testutil/categorization.go:838.55,841.46 3 1
git.ardenone.com/jedarden/zai-proxy/proxy/testutil/categorization.go:841.46,843.3 1 1
git.ardenone.com/jedarden/zai-proxy/proxy/testutil/categorization.go:844.2,844.14 1 1
git.ardenone.com/jedarden/zai-proxy/proxy/testutil/categorization.go:849.106,854.86 3 1
git.ardenone.com/jedarden/zai-proxy/proxy/testutil/categorization.go:854.86,856.23 2 1
git.ardenone.com/jedarden/zai-proxy/proxy/testutil/categorization.go:856.23,858.4 1 1
git.ardenone.com/jedarden/zai-proxy/proxy/testutil/categorization.go:862.2,862.97 1 1
git.ardenone.com/jedarden/zai-proxy/proxy/testutil/categorization.go:862.97,866.23 2 1
git.ardenone.com/jedarden/zai-proxy/proxy/testutil/categorization.go:866.23,868.4 1 1
git.ardenone.com/jedarden/zai-proxy/proxy/testutil/categorization.go:872.2,872.90 1 1
git.ardenone.com/jedarden/zai-proxy/proxy/testutil/categorization.go:872.90,875.3 1 1
git.ardenone.com/jedarden/zai-proxy/proxy/testutil/categorization.go:878.2,879.49 2 1
git.ardenone.com/jedarden/zai-proxy/proxy/testutil/categorization.go:879.49,882.23 2 1
git.ardenone.com/jedarden/zai-proxy/proxy/testutil/categorization.go:882.23,884.4 1 1
git.ardenone.com/jedarden/zai-proxy/proxy/testutil/categorization.go:888.2,890.31 1 1
git.ardenone.com/jedarden/zai-proxy/proxy/testutil/categorization.go:890.31,893.23 2 1
git.ardenone.com/jedarden/zai-proxy/proxy/testutil/categorization.go:893.23,895.4 1 1
git.ardenone.com/jedarden/zai-proxy/proxy/testutil/categorization.go:899.2,899.91 1 1
git.ardenone.com/jedarden/zai-proxy/proxy/testutil/categorization.go:899.91,902.23 2 1
git.ardenone.com/jedarden/zai-proxy/proxy/testutil/categorization.go:902.23,904.4 1 1
git.ardenone.com/jedarden/zai-proxy/proxy/testutil/categorization.go:908.2,908.84 1 1
git.ardenone.com/jedarden/zai-proxy/proxy/testutil/categorization.go:908.84,911.3 1 1
git.ardenone.com/jedarden/zai-proxy/proxy/testutil/categorization.go:914.2,915.80 1 1
git.ardenone.com/jedarden/zai-proxy/proxy/testutil/categorization.go:915.80,918.23 2 1
git.ardenone.com/jedarden/zai-proxy/proxy/testutil/categorization.go:918.23,920.4 1 1
git.ardenone.com/jedarden/zai-proxy/proxy/testutil/categorization.go:924.2,924.77 1 1
git.ardenone.com/jedarden/zai-proxy/proxy/testutil/categorization.go:924.77,927.3 1 1
git.ardenone.com/jedarden/zai-proxy/proxy/testutil/categorization.go:930.2,930.88 1 1
git.ardenone.com/jedarden/zai-proxy/proxy/testutil/categorization.go:930.88,933.3 1 1
git.ardenone.com/jedarden/zai-proxy/proxy/testutil/categorization.go:936.2,936.85 1 1
git.ardenone.com/jedarden/zai-proxy/proxy/testutil/categorization.go:936.85,939.23 2 1
git.ardenone.com/jedarden/zai-proxy/proxy/testutil/categorization.go:939.23,941.4 1 1
git.ardenone.com/jedarden/zai-proxy/proxy/testutil/categorization.go:945.2,945.76 1 1
git.ardenone.com/jedarden/zai-proxy/proxy/testutil/categorization.go:945.76,948.3 1 1
git.ardenone.com/jedarden/zai-proxy/proxy/testutil/categorization.go:951.2,951.79 1 1
git.ardenone.com/jedarden/zai-proxy/proxy/testutil/categorization.go:951.79,954.23 2 1
git.ardenone.com/jedarden/zai-proxy/proxy/testutil/categorization.go:954.23,956.4 1 1
git.ardenone.com/jedarden/zai-proxy/proxy/testutil/categorization.go:960.2,961.84 1 1
git.ardenone.com/jedarden/zai-proxy/proxy/testutil/categorization.go:961.84,964.23 2 1
git.ardenone.com/jedarden/zai-proxy/proxy/testutil/categorization.go:964.23,966.4 1 1
git.ardenone.com/jedarden/zai-proxy/proxy/testutil/categorization.go:970.2,970.79 1 1
git.ardenone.com/jedarden/zai-proxy/proxy/testutil/categorization.go:970.79,973.3 1 1
git.ardenone.com/jedarden/zai-proxy/proxy/testutil/categorization.go:976.2,976.55 1 1
git.ardenone.com/jedarden/zai-proxy/proxy/testutil/categorization.go:976.55,979.3 1 1
git.ardenone.com/jedarden/zai-proxy/proxy/testutil/categorization.go:982.2,982.23 1 1
git.ardenone.com/jedarden/zai-proxy/proxy/testutil/categorization.go:982.23,984.3 1 1
git.ardenone.com/jedarden/zai-proxy/proxy/testutil/categorization.go:985.2,985.22 1 1
git.ardenone.com/jedarden/zai-proxy/proxy/testutil/categorization.go:985.22,987.3 1 1
git.ardenone.com/jedarden/zai-proxy/proxy/testutil/categorization.go:989.2,989.19 1 1
git.ardenone.com/jedarden/zai-proxy/proxy/testutil/categorization.go:1005.93,1011.35 3 1
git.ardenone.com/jedarden/zai-proxy/proxy/testutil/categorization.go:1011.35,1017.28 5 1
git.ardenone.com/jedarden/zai-proxy/proxy/testutil/categorization.go:1017.28,1019.4 1 1
git.ardenone.com/jedarden/zai-proxy/proxy/testutil/categorization.go:1022.3,1022.23 1 1
git.ardenone.com/jedarden/zai-proxy/proxy/testutil/categorization.go:1022.23,1024.4 1 1
git.ardenone.com/jedarden/zai-proxy/proxy/testutil/categorization.go:1027.2,1027.27 1 1
git.ardenone.com/jedarden/zai-proxy/proxy/testutil/categorization.go:1031.47,1033.2 1 1
git.ardenone.com/jedarden/zai-proxy/proxy/testutil/categorization.go:1036.52,1038.65 1 1
git.ardenone.com/jedarden/zai-proxy/proxy/testutil/categorization.go:1038.65,1040.21 2 1
git.ardenone.com/jedarden/zai-proxy/proxy/testutil/categorization.go:1040.21,1043.18 3 1
git.ardenone.com/jedarden/zai-proxy/proxy/testutil/categorization.go:1043.18,1045.5 1 1
git.ardenone.com/jedarden/zai-proxy/proxy/testutil/categorization.go:1048.2,1048.10 1 1
git.ardenone.com/jedarden/zai-proxy/proxy/testutil/categorization.go:1052.106,1054.34 2 1
git.ardenone.com/jedarden/zai-proxy/proxy/testutil/categorization.go:1054.34,1055.44 1 1
git.ardenone.com/jedarden/zai-proxy/proxy/testutil/categorization.go:1055.44,1057.4 1 1
git.ardenone.com/jedarden/zai-proxy/proxy/testutil/categorization.go:1059.2,1059.17 1 1
git.ardenone.com/jedarden/zai-proxy/proxy/testutil/categorization.go:1063.82,1065.34 2 1
git.ardenone.com/jedarden/zai-proxy/proxy/testutil/categorization.go:1065.34,1066.23 1 1
git.ardenone.com/jedarden/zai-proxy/proxy/testutil/categorization.go:1066.23,1068.4 1 1
git.ardenone.com/jedarden/zai-proxy/proxy/testutil/categorization.go:1070.2,1070.18 1 1
git.ardenone.com/jedarden/zai-proxy/proxy/testutil/categorization.go:1075.104,1077.24 2 1
git.ardenone.com/jedarden/zai-proxy/proxy/testutil/categorization.go:1077.24,1079.3 1 1
git.ardenone.com/jedarden/zai-proxy/proxy/testutil/categorization.go:1081.2,1082.34 2 1
git.ardenone.com/jedarden/zai-proxy/proxy/testutil/categorization.go:1082.34,1083.42 1 1
git.ardenone.com/jedarden/zai-proxy/proxy/testutil/categorization.go:1083.42,1085.4 1 1
git.ardenone.com/jedarden/zai-proxy/proxy/testutil/categorization.go:1087.2,1087.18 1 1
git.ardenone.com/jedarden/zai-proxy/proxy/testutil/categorization.go:1092.73,1094.30 2 1
git.ardenone.com/jedarden/zai-proxy/proxy/testutil/categorization.go:1094.30,1096.3 1 1
git.ardenone.com/jedarden/zai-proxy/proxy/testutil/categorization.go:1098.2,1100.37 3 1
git.ardenone.com/jedarden/zai-proxy/proxy/testutil/categorization.go:1100.37,1102.3 1 1
git.ardenone.com/jedarden/zai-proxy/proxy/testutil/categorization.go:1104.2,1104.16 1 1
git.ardenone.com/jedarden/zai-proxy/proxy/testutil/categorization.go:1108.52,1109.9 1 1
git.ardenone.com/jedarden/zai-proxy/proxy/testutil/categorization.go:1110.26,1111.21 1 1
git.ardenone.com/jedarden/zai-proxy/proxy/testutil/categorization.go:1112.25,1113.16 1 1
git.ardenone.com/jedarden/zai-proxy/proxy/testutil/categorization.go:1114.25,1115.20 1 1
git.ardenone.com/jedarden/zai-proxy/proxy/testutil/categorization.go:1116.25,1117.15 1 1
git.ardenone.com/jedarden/zai-proxy/proxy/testutil/categorization.go:1118.25,1119.20 1 1
git.ardenone.com/jedarden/zai-proxy/proxy/testutil/categorization.go:1120.10,1121.21 1 1
git.ardenone.com/jedarden/zai-proxy/proxy/testutil/categorization.go:1128.75,1130.24 2 1
git.ardenone.com/jedarden/zai-proxy/proxy/testutil/categorization.go:1130.24,1132.3 1 1
git.ardenone.com/jedarden/zai-proxy/proxy/testutil/categorization.go:1133.2,1133.79 1 1
git.ardenone.com/jedarden/zai-proxy/proxy/testutil/categorization.go:1138.61,1139.27 1 1
git.ardenone.com/jedarden/zai-proxy/proxy/testutil/categorization.go:1139.27,1141.3 1 1
git.ardenone.com/jedarden/zai-proxy/proxy/testutil/categorization.go:1144.2,1148.22 3 1
git.ardenone.com/jedarden/zai-proxy/proxy/testutil/categorization.go:1149.25,1150.88 1 1
git.ardenone.com/jedarden/zai-proxy/proxy/testutil/categorization.go:1150.88,1152.4 1 1
git.ardenone.com/jedarden/zai-proxy/proxy/testutil/categorization.go:1153.3,1153.85 1 1
git.ardenone.com/jedarden/zai-proxy/proxy/testutil/categorization.go:1153.85,1155.4 1 1
git.ardenone.com/jedarden/zai-proxy/proxy/testutil/categorization.go:1156.3,1156.125 1 1
git.ardenone.com/jedarden/zai-proxy/proxy/testutil/categorization.go:1156.125,1158.4 1 1
git.ardenone.com/jedarden/zai-proxy/proxy/testutil/categorization.go:1159.3,1159.19 1 1
git.ardenone.com/jedarden/zai-proxy/proxy/testutil/categorization.go:1161.23,1162.48 1 1
git.ardenone.com/jedarden/zai-proxy/proxy/testutil/categorization.go:1162.48,1164.4 1 1
git.ardenone.com/jedarden/zai-proxy/proxy/testutil/categorization.go:1165.3,1165.94 1 1
git.ardenone.com/jedarden/zai-proxy/proxy/testutil/categorization.go:1165.94,1167.4 1 1
git.ardenone.com/jedarden/zai-proxy/proxy/testutil/categorization.go:1168.3,1168.94 1 1
git.ardenone.com/jedarden/zai-proxy/proxy/testutil/categorization.go:1168.94,1170.4 1 1
git.ardenone.com/jedarden/zai-proxy/proxy/testutil/categorization.go:1171.3,1171.22 1 1
git.ardenone.com/jedarden/zai-proxy/proxy/testutil/categorization.go:1173.21,1174.49 1 1
git.ardenone.com/jedarden/zai-proxy/proxy/testutil/categorization.go:1174.49,1176.4 1 1
git.ardenone.com/jedarden/zai-proxy/proxy/testutil/categorization.go:1177.3,1177.124 1 1
git.ardenone.com/jedarden/zai-proxy/proxy/testutil/categorization.go:1177.124,1179.4 1 1
git.ardenone.com/jedarden/zai-proxy/proxy/testutil/categorization.go:1180.3,1180.92 1 1
git.ardenone.com/jedarden/zai-proxy/proxy/testutil/categorization.go:1180.92,1182.4 1 1
git.ardenone.com/jedarden/zai-proxy/proxy/testutil/categorization.go:1183.3,1183.19 1 1
git.ardenone.com/jedarden/zai-proxy/proxy/testutil/categorization.go:1185.23,1186.45 1 1
git.ardenone.com/jedarden/zai-proxy/proxy/testutil/categorization.go:1186.45,1188.4 1 1
git.ardenone.com/jedarden/zai-proxy/proxy/testutil/categorization.go:1189.3,1189.42 1 1
git.ardenone.com/jedarden/zai-proxy/proxy/testutil/categorization.go:1189.42,1191.4 1 1
git.ardenone.com/jedarden/zai-proxy/proxy/testutil/categorization.go:1192.3,1192.21 1 1
git.ardenone.com/jedarden/zai-proxy/proxy/testutil/categorization.go:1194.10,1195.12 1 1
git.ardenone.com/jedarden/zai-proxy/proxy/testutil/categorization.go:1201.66,1203.23 1 1
git.ardenone.com/jedarden/zai-proxy/proxy/testutil/categorization.go:1203.23,1205.3 1 1
git.ardenone.com/jedarden/zai-proxy/proxy/testutil/categorization.go:1208.2,1212.114 3 1
git.ardenone.com/jedarden/zai-proxy/proxy/testutil/categorization.go:1212.114,1218.3 4 1
git.ardenone.com/jedarden/zai-proxy/proxy/testutil/categorization.go:1221.2,1222.91 1 1
git.ardenone.com/jedarden/zai-proxy/proxy/testutil/categorization.go:1222.91,1227.3 3 1
git.ardenone.com/jedarden/zai-proxy/proxy/testutil/categorization.go:1230.2,1231.91 1 1
git.ardenone.com/jedarden/zai-proxy/proxy/testutil/categorization.go:1231.91,1234.3 2 1
git.ardenone.com/jedarden/zai-proxy/proxy/testutil/categorization.go:1236.2,1238.12 2 1
git.ardenone.com/jedarden/zai-proxy/proxy/testutil/categorization.go:1250.57,1268.39 2 1
git.ardenone.com/jedarden/zai-proxy/proxy/testutil/categorization.go:1268.39,1270.3 1 1
git.ardenone.com/jedarden/zai-proxy/proxy/testutil/categorization.go:1271.2,1271.35 1 1
git.ardenone.com/jedarden/zai-proxy/proxy/testutil/categorization.go:1275.100,1298.4 5 1
git.ardenone.com/jedarden/zai-proxy/proxy/testutil/categorization.go:1298.4,1300.16 2 1
git.ardenone.com/jedarden/zai-proxy/proxy/testutil/categorization.go:1300.16,1302.4 1 1
git.ardenone.com/jedarden/zai-proxy/proxy/testutil/categorization.go:1305.2,1309.34 3 1
git.ardenone.com/jedarden/zai-proxy/proxy/testutil/categorization.go:1309.34,1314.26 4 1
git.ardenone.com/jedarden/zai-proxy/proxy/testutil/categorization.go:1314.26,1316.4 1 1
git.ardenone.com/jedarden/zai-proxy/proxy/testutil/categorization.go:1317.3,1317.23 1 1
git.ardenone.com/jedarden/zai-proxy/proxy/testutil/categorization.go:1320.2,1320.20 1 1
git.ardenone.com/jedarden/zai-proxy/proxy/testutil/categorization_report.go:53.76,64.52 3 1
git.ardenone.com/jedarden/zai-proxy/proxy/testutil/categorization_report.go:64.52,66.34 2 1
git.ardenone.com/jedarden/zai-proxy/proxy/testutil/categorization_report.go:66.34,68.4 1 1
git.ardenone.com/jedarden/zai-proxy/proxy/testutil/categorization_report.go:68.9,70.4 1 1
git.ardenone.com/jedarden/zai-proxy/proxy/testutil/categorization_report.go:73.2,73.53 1 1
git.ardenone.com/jedarden/zai-proxy/proxy/testutil/categorization_report.go:73.53,75.27 2 1
git.ardenone.com/jedarden/zai-proxy/proxy/testutil/categorization_report.go:75.27,77.4 1 1
git.ardenone.com/jedarden/zai-proxy/proxy/testutil/categorization_report.go:78.3,82.5 1 1
git.ardenone.com/jedarden/zai-proxy/proxy/testutil/categorization_report.go:85.2,85.58 1 1
git.ardenone.com/jedarden/zai-proxy/proxy/testutil/categorization_report.go:85.58,86.75 1 1
git.ardenone.com/jedarden/zai-proxy/proxy/testutil/categorization_report.go:86.75,88.4 1 1
git.ardenone.com/jedarden/zai-proxy/proxy/testutil/categorization_report.go:89.3,89.83 1 0
git.ardenone.com/jedarden/zai-proxy/proxy/testutil/categorization_report.go:92.2,92.38 1 1
git.ardenone.com/jedarden/zai-proxy/proxy/testutil/categorization_report.go:92.38,94.56 2 1
git.ardenone.com/jedarden/zai-proxy/proxy/testutil/categorization_report.go:94.56,95.45 1 1
git.ardenone.com/jedarden/zai-proxy/proxy/testutil/categorization_report.go:95.45,96.10 1 1
git.ardenone.com/jedarden/zai-proxy/proxy/testutil/categorization_report.go:98.4,98.95 1 1
git.ardenone.com/jedarden/zai-proxy/proxy/testutil/categorization_report.go:100.8,102.3 1 1
git.ardenone.com/jedarden/zai-proxy/proxy/testutil/categorization_report.go:104.2,107.3 1 1
git.ardenone.com/jedarden/zai-proxy/proxy/testutil/categorization_report.go:114.75,116.16 2 1
git.ardenone.com/jedarden/zai-proxy/proxy/testutil/categorization_report.go:116.16,118.3 1 1
git.ardenone.com/jedarden/zai-proxy/proxy/testutil/categorization_report.go:120.2,123.21 4 1
git.ardenone.com/jedarden/zai-proxy/proxy/testutil/categorization_report.go:123.21,126.3 2 0
git.ardenone.com/jedarden/zai-proxy/proxy/testutil/categorization_report.go:128.2,128.20 1 1
git.ardenone.com/jedarden/zai-proxy/proxy/testutil/categorization_report.go:134.67,136.42 2 1
git.ardenone.com/jedarden/zai-proxy/proxy/testutil/categorization_report.go:136.42,137.77 1 1
git.ardenone.com/jedarden/zai-proxy/proxy/testutil/categorization_report.go:137.77,139.4 1 1
git.ardenone.com/jedarden/zai-proxy/proxy/testutil/categorization_report.go:142.2,142.28 1 1
git.ardenone.com/jedarden/zai-proxy/proxy/testutil/categorization_report.go:142.28,144.3 1 1
git.ardenone.com/jedarden/zai-proxy/proxy/testutil/categorization_report.go:146.2,146.113 1 1
git.ardenone.com/jedarden/zai-proxy/proxy/testutil/categorization_report.go:152.91,154.16 2 1
git.ardenone.com/jedarden/zai-proxy/proxy/testutil/categorization_report.go:154.16,156.3 1 0
git.ardenone.com/jedarden/zai-proxy/proxy/testutil/categorization_report.go:157.2,157.62 1 1
git.ardenone.com/jedarden/zai-proxy/proxy/testutil/categorization_report.go:157.62,159.3 1 1
git.ardenone.com/jedarden/zai-proxy/proxy/testutil/categorization_report.go:160.2,160.12 1 1
git.ardenone.com/jedarden/zai-proxy/proxy/testutil/categorization_report.go:168.84,170.44 2 1
git.ardenone.com/jedarden/zai-proxy/proxy/testutil/categorization_report.go:170.44,172.3 1 0
git.ardenone.com/jedarden/zai-proxy/proxy/testutil/categorization_report.go:174.2,176.59 3 1
git.ardenone.com/jedarden/zai-proxy/proxy/testutil/testfailure.go:59.62,61.22 1 1
git.ardenone.com/jedarden/zai-proxy/proxy/testutil/testfailure.go:61.22,63.3 1 1
git.ardenone.com/jedarden/zai-proxy/proxy/testutil/testfailure.go:65.2,91.21 16 1
git.ardenone.com/jedarden/zai-proxy/proxy/testutil/testfailure.go:91.21,96.17 3 1
git.ardenone.com/jedarden/zai-proxy/proxy/testutil/testfailure.go:96.17,97.12 1 1
git.ardenone.com/jedarden/zai-proxy/proxy/testutil/testfailure.go:101.3,101.73 1 1
git.ardenone.com/jedarden/zai-proxy/proxy/testutil/testfailure.go:101.73,103.12 2 1
git.ardenone.com/jedarden/zai-proxy/proxy/testutil/testfailure.go:107.3,107.74 1 1
git.ardenone.com/jedarden/zai-proxy/proxy/testutil/testfailure.go:107.74,109.37 1 1
git.ardenone.com/jedarden/zai-proxy/proxy/testutil/testfailure.go:109.37,115.5 5 1
git.ardenone.com/jedarden/zai-proxy/proxy/testutil/testfailure.go:116.4,116.12 1 1
git.ardenone.com/jedarden/zai-proxy/proxy/testutil/testfailure.go:120.3,120.42 1 1
git.ardenone.com/jedarden/zai-proxy/proxy/testutil/testfailure.go:120.42,124.12 4 1
git.ardenone.com/jedarden/zai-proxy/proxy/testutil/testfailure.go:129.3,129.19 1 1
git.ardenone.com/jedarden/zai-proxy/proxy/testutil/testfailure.go:129.19,131.81 1 1
git.ardenone.com/jedarden/zai-proxy/proxy/testutil/testfailure.go:131.81,134.5 1 1
git.ardenone.com/jedarden/zai-proxy/proxy/testutil/testfailure.go:134.10,134.25 1 1
git.ardenone.com/jedarden/zai-proxy/proxy/testutil/testfailure.go:134.25,137.13 2 0
git.ardenone.com/jedarden/zai-proxy/proxy/testutil/testfailure.go:138.10,142.13 3 1
git.ardenone.com/jedarden/zai-proxy/proxy/testutil/testfailure.go:148.3,148.74 1 1
git.ardenone.com/jedarden/zai-proxy/proxy/testutil/testfailure.go:148.74,152.12 4 1
git.ardenone.com/jedarden/zai-proxy/proxy/testutil/testfailure.go:156.3,157.94 2 1
git.ardenone.com/jedarden/zai-proxy/proxy/testutil/testfailure.go:157.94,161.12 4 1
git.ardenone.com/jedarden/zai-proxy/proxy/testutil/testfailure.go:165.3,165.74 1 1
git.ardenone.com/jedarden/zai-proxy/proxy/testutil/testfailure.go:165.74,169.29 2 1
git.ardenone.com/jedarden/zai-proxy/proxy/testutil/testfailure.go:169.29,172.5 2 1
git.ardenone.com/jedarden/zai-proxy/proxy/testutil/testfailure.go:175.4,180.25 2 1
git.ardenone.com/jedarden/zai-proxy/proxy/testutil/testfailure.go:180.25,184.62 2 1
git.ardenone.com/jedarden/zai-proxy/proxy/testutil/testfailure.go:184.62,186.6 1 1
git.ardenone.com/jedarden/zai-proxy/proxy/testutil/testfailure.go:186.11,189.6 1 1
git.ardenone.com/jedarden/zai-proxy/proxy/testutil/testfailure.go:191.5,191.49 1 1
git.ardenone.com/jedarden/zai-proxy/proxy/testutil/testfailure.go:192.10,195.5 1 1
git.ardenone.com/jedarden/zai-proxy/proxy/testutil/testfailure.go:198.4,198.35 1 1
git.ardenone.com/jedarden/zai-proxy/proxy/testutil/testfailure.go:198.35,200.5 1 1
git.ardenone.com/jedarden/zai-proxy/proxy/testutil/testfailure.go:203.4,209.12 7 1
git.ardenone.com/jedarden/zai-proxy/proxy/testutil/testfailure.go:214.2,214.27 1 1
git.ardenone.com/jedarden/zai-proxy/proxy/testutil/testfailure.go:214.27,216.3 1 1
git.ardenone.com/jedarden/zai-proxy/proxy/testutil/testfailure.go:219.2,219.38 1 1
git.ardenone.com/jedarden/zai-proxy/proxy/testutil/testfailure.go:219.38,223.3 2 0
git.ardenone.com/jedarden/zai-proxy/proxy/testutil/testfailure.go:226.2,226.21 1 1
git.ardenone.com/jedarden/zai-proxy/proxy/testutil/testfailure.go:226.21,228.3 1 1
git.ardenone.com/jedarden/zai-proxy/proxy/testutil/testfailure.go:230.2,230.22 1 1
git.ardenone.com/jedarden/zai-proxy/proxy/testutil/testfailure.go:250.74,252.35 1 1
git.ardenone.com/jedarden/zai-proxy/proxy/testutil/testfailure.go:252.35,253.29 1 1
git.ardenone.com/jedarden/zai-proxy/proxy/testutil/testfailure.go:253.29,255.4 1 1
git.ardenone.com/jedarden/zai-proxy/proxy/testutil/testfailure.go:256.3,256.29 1 1
git.ardenone.com/jedarden/zai-proxy/proxy/testutil/testfailure.go:256.29,258.4 1 1
git.ardenone.com/jedarden/zai-proxy/proxy/testutil/testfailure.go:259.3,259.33 1 1
git.ardenone.com/jedarden/zai-proxy/proxy/testutil/testfailure.go:259.33,261.4 1 1
git.ardenone.com/jedarden/zai-proxy/proxy/testutil/testfailure.go:265.2,266.16 2 1
git.ardenone.com/jedarden/zai-proxy/proxy/testutil/testfailure.go:266.16,268.3 1 0
git.ardenone.com/jedarden/zai-proxy/proxy/testutil/testfailure.go:271.2,271.61 1 1
git.ardenone.com/jedarden/zai-proxy/proxy/testutil/testfailure.go:271.61,273.3 1 1
git.ardenone.com/jedarden/zai-proxy/proxy/testutil/testfailure.go:275.2,275.12 1 1
git.ardenone.com/jedarden/zai-proxy/proxy/testutil/testfailure.go:286.53,287.35 1 1
git.ardenone.com/jedarden/zai-proxy/proxy/testutil/testfailure.go:287.35,288.29 1 1
git.ardenone.com/jedarden/zai-proxy/proxy/testutil/testfailure.go:288.29,290.4 1 1
git.ardenone.com/jedarden/zai-proxy/proxy/testutil/testfailure.go:291.3,291.29 1 1
git.ardenone.com/jedarden/zai-proxy/proxy/testutil/testfailure.go:291.29,293.4 1 1
git.ardenone.com/jedarden/zai-proxy/proxy/testutil/testfailure.go:294.3,294.33 1 1
git.ardenone.com/jedarden/zai-proxy/proxy/testutil/testfailure.go:294.33,296.4 1 1
git.ardenone.com/jedarden/zai-proxy/proxy/testutil/testfailure.go:298.2,298.12 1 1
git.ardenone.com/jedarden/zai-proxy/proxy/testutil/testoutput.go:32.50,35.16 2 1
git.ardenone.com/jedarden/zai-proxy/proxy/testutil/testoutput.go:35.16,36.25 1 1
git.ardenone.com/jedarden/zai-proxy/proxy/testutil/testoutput.go:36.25,38.4 1 1
git.ardenone.com/jedarden/zai-proxy/proxy/testutil/testoutput.go:40.3,40.27 1 0
git.ardenone.com/jedarden/zai-proxy/proxy/testutil/testoutput.go:40.27,42.4 1 0
git.ardenone.com/jedarden/zai-proxy/proxy/testutil/testoutput.go:43.3,43.68 1 0
git.ardenone.com/jedarden/zai-proxy/proxy/testutil/testoutput.go:47.2,47.22 1 1
git.ardenone.com/jedarden/zai-proxy/proxy/testutil/testoutput.go:47.22,49.3 1 1
git.ardenone.com/jedarden/zai-proxy/proxy/testutil/testoutput.go:52.2,53.16 2 1
git.ardenone.com/jedarden/zai-proxy/proxy/testutil/testoutput.go:53.16,54.27 1 1
git.ardenone.com/jedarden/zai-proxy/proxy/testutil/testoutput.go:54.27,56.4 1 1
git.ardenone.com/jedarden/zai-proxy/proxy/testutil/testoutput.go:57.3,57.66 1 1
git.ardenone.com/jedarden/zai-proxy/proxy/testutil/testoutput.go:60.2,60.18 1 1
